<?xml version="1.0" encoding="UTF-8"?>
<testng-results ignored="0" total="1" passed="1" failed="0" skipped="0">
  <reporter-output>
  </reporter-output>
  <suite started-at="2024-11-06T12:24:12 IST" name="Default suite" finished-at="2024-11-06T12:24:14 IST" duration-ms="2534">
    <groups>
    </groups>
    <test started-at="2024-11-06T12:24:12 IST" name="Default test" finished-at="2024-11-06T12:24:14 IST" duration-ms="2534">
      <class name="org.restassured.HeadersDemo">
        <test-method signature="testHeaders()[pri:0, instance:org.restassured.HeadersDemo@41a0aa7d]" started-at="2024-11-06T12:24:12 IST" name="testHeaders" finished-at="2024-11-06T12:24:14 IST" duration-ms="2487" status="PASS">
          <reporter-output>
          </reporter-output>
        </test-method> <!-- testHeaders -->
      </class> <!-- org.restassured.HeadersDemo -->
    </test> <!-- Default test -->
  </suite> <!-- Default suite -->
</testng-results>
