<?xml version="1.0" encoding="UTF-8"?>
<testng-results ignored="0" total="1" passed="1" failed="0" skipped="0">
  <reporter-output>
  </reporter-output>
  <suite started-at="2024-11-07T14:50:29 IST" name="Default suite" finished-at="2024-11-07T14:50:29 IST" duration-ms="333">
    <groups>
    </groups>
    <test started-at="2024-11-07T14:50:29 IST" name="Default test" finished-at="2024-11-07T14:50:29 IST" duration-ms="333">
      <class name="org.restassured.FakerDataGenerator">
        <test-method signature="generateTestDummyData()[pri:0, instance:org.restassured.FakerDataGenerator@20140db9]" started-at="2024-11-07T14:50:29 IST" name="generateTestDummyData" finished-at="2024-11-07T14:50:29 IST" duration-ms="278" status="PASS">
          <reporter-output>
          </reporter-output>
        </test-method> <!-- generateTestDummyData -->
      </class> <!-- org.restassured.FakerDataGenerator -->
    </test> <!-- Default test -->
  </suite> <!-- Default suite -->
</testng-results>
